Collecting twine~=1.10
  Using cached https://files.pythonhosted.org/packages/23/0e/9e833399b84e9232a7f86a8f4351d6687dbab0b03a2a6e352d431463fa68/twine-1.15.0-py2.py3-none-any.whl
Collecting requests!=2.15,!=2.16,>=2.5.0 (from twine~=1.10)
  Using cached https://files.pythonhosted.org/packages/51/bd/23c926cd341ea6b7dd0b2a00aba99ae0f828be89d72b2190fERROR: Could not install packages due to an EnvironmentError: [Errno 13] Permission denied: '/usr/local/lib/python2.7/dist-packages/chardet-3.0.4.dist-info'
Consider using the `--user` option or check the permissions.

WARNING: You are using pip version 19.2.3, however version 19.3.1 is available.
You should consider upgrading via the 'pip install --upgrade pip' command.
lecting requests-toolbelt!=0.9.0,>=0.8.0 (from twine~=1.10)
  Using cached https://files.pythonhosted.org/packages/60/ef/7681134338fc097acef8d9b2f8abe0458e4d87559c689a8c306d0957ece5/requests_toolbelt-0.9.1-py2.py3-none-any.whl
Collecting readme-renderer>=21.0 (from twine~=1.10)
  Using cached https://files.pythonhosted.org/packages/c3/7e/d1aae793900f36b097cbfcc5e70eef82b5b56423a6c52a36dce51fedd8f0/readme_renderer-24.0-py2.py3-none-any.whl
Collecting pkginfo>=1.4.2 (from twine~=1.10)
  Using cached https://files.pythonhosted.org/packages/e6/d5/451b913307b478c49eb29084916639dc53a88489b993530fed0a66bab8b9/pkginfo-1.5.0.1-py2.py3-none-any.whl
Requirement already satisfied: idna<2.9,>=2.5 in /usr/lib/python2.7/dist-packages (from requests!=2.15,!=2.16,>=2.5.0->twine~=1.10) (2.6)
Collecting chardet<3.1.0,>=3.0.2 (from requests!=2.15,!=2.16,>=2.5.0->twine~=1.10)
  Using cached https://files.pythonhosted.org/packages/bc/a9/01ffebfb562e4274b6487b4bb1ddec7ca55ec7510b22e4c51f14098443b8/chardet-3.0.4-py2.py3-none-any.whl
Collecting certifi>=2017.4.17 (from requests!=2.15,!=2.16,>=2.5.0->twine~=1.10)
  Using cached https://files.pythonhosted.org/packages/18/b0/8146a4f8dd402f60744fa380bc73ca47303cccf8b9190fd16a827281eac2/certifi-2019.9.11-py2.py3-none-any.whl
Collecting urllib3!=1.25.0,!=1.25.1,<1.26,>=1.21.1 (from requests!=2.15,!=2.16,>=2.5.0->twine~=1.10)
  Using cached https://files.pythonhosted.org/packages/e0/da/55f51ea951e1b7c63a579c09dd7db825bb730ec1fe9c0180fc77bfb31448/urllib3-1.25.6-py2.py3-none-any.whl
Collecting bleach>=2.1.0 (from readme-renderer>=21.0->twine~=1.10)
  Using cached https://files.pythonhosted.org/packages/ab/05/27e1466475e816d3001efb6e0a85a819be17411420494a1e602c36f8299d/bleach-3.1.0-py2.py3-none-any.whl
Requirement already satisfied: six in /usr/lib/python2.7/dist-packages (from readme-renderer>=21.0->twine~=1.10) (1.12.0)
Collecting Pygments (from readme-renderer>=21.0->twine~=1.10)
  Using cached https://files.pythonhosted.org/packages/5c/73/1dfa428150e3ccb0fa3e68db406e5be48698f2a979ccbcec795f28f44048/Pygments-2.4.2-py2.py3-none-any.whl
Collecting docutils>=0.13.1 (from readme-renderer>=21.0->twine~=1.10)
  Using cached https://files.pythonhosted.org/packages/3a/dc/bf2b15d1fa15a6f7a9e77a61b74ecbbae7258558fcda8ffc9a6638a6b327/docutils-0.15.2-py2-none-any.whl
Collecting webencodings (from bleach>=2.1.0->readme-renderer>=21.0->twine~=1.10)
  Using cached https://files.pythonhosted.org/packages/f4/24/2a3e3df732393fed8b3ebf2ec078f05546de641fe1b667ee316ec1dcf3b7/webencodings-0.5.1-py2.py3-none-any.whl
Installing collected packages: chardet, certifi, urllib3, requests, tqdm, requests-toolbelt, webencodings, bleach, Pygments, docutils, readme-renderer, pkginfo, twine
